<?xml version="1.0" encoding="UTF-8"?>
<testsuite xmlns:xsi="http://www.w3.org/2001/XMLSchema-instance" xsi:noNamespaceSchemaLocation="https://maven.apache.org/surefire/maven-surefire-plugin/xsd/surefire-test-report-3.0.xsd" version="3.0" name="com.backstage.xduchat.RunTimeTest" time="6.537" tests="1" errors="0" skipped="0" failures="0">
  <properties>
[...]
</properties>
  <testcase name="runTimeTest" classname="com.backstage.xduchat.RunTimeTest" time="0.716">
    <system-out><![CDATA[18:05:48.861 [main] DEBUG org.springframework.test.context.BootstrapUtils - Instantiating CacheAwareContextLoaderDelegate from class [org.springframework.test.context.cache.DefaultCacheAwareContextLoaderDelegate]
18:05:48.871 [main] DEBUG org.springframework.test.context.BootstrapUtils - Instantiating BootstrapContext using constructor [public org.springframework.test.context.support.DefaultBootstrapContext(java.lang.Class,org.springframework.test.context.CacheAwareContextLoaderDelegate)]
18:05:48.907 [main] DEBUG org.springframework.test.context.BootstrapUtils - Instantiating TestContextBootstrapper for test class [com.backstage.xduchat.RunTimeTest] from class [org.springframework.boot.test.context.SpringBootTestContextBootstrapper]
18:05:48.923 [main] INFO org.springframework.boot.test.context.SpringBootTestContextBootstrapper - Neither @ContextConfiguration nor @ContextHierarchy found for test class [com.backstage.xduchat.RunTimeTest], using SpringBootContextLoader
18:05:48.927 [main] DEBUG org.springframework.test.context.support.AbstractContextLoader - Did not detect default resource location for test class [com.backstage.xduchat.RunTimeTest]: class path resource [com/backstage/xduchat/RunTimeTest-context.xml] does not exist
18:05:48.927 [main] DEBUG org.springframework.test.context.support.AbstractContextLoader - Did not detect default resource location for test class [com.backstage.xduchat.RunTimeTest]: class path resource [com/backstage/xduchat/RunTimeTestContext.groovy] does not exist
18:05:48.927 [main] INFO org.springframework.test.context.support.AbstractContextLoader - Could not detect default resource locations for test class [com.backstage.xduchat.RunTimeTest]: no resource found for suffixes {-context.xml, Context.groovy}.
18:05:48.983 [main] DEBUG org.springframework.test.context.support.ActiveProfilesUtils - Could not find an 'annotation declaring class' for annotation type [org.springframework.test.context.ActiveProfiles] and class [com.backstage.xduchat.RunTimeTest]
18:05:49.132 [main] DEBUG org.springframework.boot.test.context.SpringBootTestContextBootstrapper - @TestExecutionListeners is not present for class [com.backstage.xduchat.RunTimeTest]: using defaults.
18:05:49.132 [main] INFO org.springframework.boot.test.context.SpringBootTestContextBootstrapper - Loaded default TestExecutionListener class names from location [META-INF/spring.factories]: [org.springframework.boot.test.mock.mockito.MockitoTestExecutionListener, org.springframework.boot.test.mock.mockito.ResetMocksTestExecutionListener, org.springframework.boot.test.autoconfigure.restdocs.RestDocsTestExecutionListener, org.springframework.boot.test.autoconfigure.web.client.MockRestServiceServerResetTestExecutionListener, org.springframework.boot.test.autoconfigure.web.servlet.MockMvcPrintOnlyOnFailureTestExecutionListener, org.springframework.boot.test.autoconfigure.web.servlet.WebDriverTestExecutionListener, org.springframework.boot.test.autoconfigure.webservices.client.MockWebServiceServerTestExecutionListener, org.springframework.test.context.web.ServletTestExecutionListener, org.springframework.test.context.support.DirtiesContextBeforeModesTestExecutionListener, org.springframework.test.context.event.ApplicationEventsTestExecutionListener, org.springframework.test.context.support.DependencyInjectionTestExecutionListener, org.springframework.test.context.support.DirtiesContextTestExecutionListener, org.springframework.test.context.transaction.TransactionalTestExecutionListener, org.springframework.test.context.jdbc.SqlScriptsTestExecutionListener, org.springframework.test.context.event.EventPublishingTestExecutionListener]
18:05:49.151 [main] INFO org.springframework.boot.test.context.SpringBootTestContextBootstrapper - Using TestExecutionListeners: [org.springframework.test.context.web.ServletTestExecutionListener@6dab9b6d, org.springframework.test.context.support.DirtiesContextBeforeModesTestExecutionListener@21fd5faa, org.springframework.test.context.event.ApplicationEventsTestExecutionListener@2766ca9d, org.springframework.boot.test.mock.mockito.MockitoTestExecutionListener@5460cf3a, org.springframework.boot.test.autoconfigure.SpringBootDependencyInjectionTestExecutionListener@65a15628, org.springframework.test.context.support.DirtiesContextTestExecutionListener@2e6a5539, org.springframework.test.context.transaction.TransactionalTestExecutionListener@3fc9504b, org.springframework.test.context.jdbc.SqlScriptsTestExecutionListener@6d025197, org.springframework.test.context.event.EventPublishingTestExecutionListener@27d4a09, org.springframework.boot.test.mock.mockito.ResetMocksTestExecutionListener@7e4204e2, org.springframework.boot.test.autoconfigure.restdocs.RestDocsTestExecutionListener@b7c4869, org.springframework.boot.test.autoconfigure.web.client.MockRestServiceServerResetTestExecutionListener@740d2e78, org.springframework.boot.test.autoconfigure.web.servlet.MockMvcPrintOnlyOnFailureTestExecutionListener@1c481ff2, org.springframework.boot.test.autoconfigure.web.servlet.WebDriverTestExecutionListener@72437d8d, org.springframework.boot.test.autoconfigure.webservices.client.MockWebServiceServerTestExecutionListener@1b955cac]
18:05:49.154 [main] DEBUG org.springframework.test.context.support.AbstractDirtiesContextTestExecutionListener - Before test class: context [DefaultTestContext@30af5b6b testClass = RunTimeTest, testInstance = [null], testMethod = [null], testException = [null], mergedContextConfiguration = [WebMergedContextConfiguration@19835e64 testClass = RunTimeTest, locations = '{}', classes = '{class com.backstage.xduchat.XduChatApplication}', contextInitializerClasses = '[]', activeProfiles = '{}', propertySourceLocations = '{}', propertySourceProperties = '{org.springframework.boot.test.context.SpringBootTestContextBootstrapper=true}', contextCustomizers = set[org.springframework.boot.test.context.filter.ExcludeFilterContextCustomizer@6caf0677, org.springframework.boot.test.json.DuplicateJsonObjectContextCustomizerFactory$DuplicateJsonObjectContextCustomizer@273444fe, org.springframework.boot.test.mock.mockito.MockitoContextCustomizer@0, org.springframework.boot.test.web.client.TestRestTemplateContextCustomizer@7c137fd5, org.springframework.boot.test.web.reactive.server.WebTestClientContextCustomizer@4d1c005e, org.springframework.boot.test.autoconfigure.actuate.metrics.MetricsExportContextCustomizerFactory$DisableMetricExportContextCustomizer@7188af83, org.springframework.boot.test.autoconfigure.properties.PropertyMappingContextCustomizer@0, org.springframework.boot.test.autoconfigure.web.servlet.WebDriverContextCustomizerFactory$Customizer@28dcca0c, org.springframework.boot.test.context.SpringBootTestArgs@1, org.springframework.boot.test.context.SpringBootTestWebEnvironment@12028586], resourceBasePath = 'src/main/webapp', contextLoader = 'org.springframework.boot.test.context.SpringBootContextLoader', parent = [null]], attributes = map['org.springframework.test.context.web.ServletTestExecutionListener.activateListener' -> true]], class annotated with @DirtiesContext [false] with mode [null].
 ██     ██ ███████   ██     ██         ██████  ██      ██     ██     ██████████
░░██   ██ ░██░░░░██ ░██    ░██        ██░░░░██░██     ░██    ████   ░░░░░██░░░ 
 ░░██ ██  ░██    ░██░██    ░██       ██    ░░ ░██     ░██   ██░░██      ░██    
  ░░███   ░██    ░██░██    ░██ █████░██       ░██████████  ██  ░░██     ░██    
   ██░██  ░██    ░██░██    ░██░░░░░ ░██       ░██░░░░░░██ ██████████    ░██    
  ██ ░░██ ░██    ██ ░██    ░██      ░░██    ██░██     ░██░██░░░░░░██    ░██    
 ██   ░░██░███████  ░░███████        ░░██████ ░██     ░██░██     ░██    ░██    
░░     ░░ ░░░░░░░    ░░░░░░░          ░░░░░░  ░░      ░░ ░░      ░░     ░░     


2024-04-24 18:05:49.605  INFO 15932 --- [           main] com.backstage.xduchat.RunTimeTest        : Starting RunTimeTest using Java 17.0.8.1 on 寒食 with PID 15932 (started by 86153 in C:\Users\86153\Desktop\GithubRep\Xdu-Chat)
2024-04-24 18:05:49.608  INFO 15932 --- [           main] com.backstage.xduchat.RunTimeTest        : No active profile set, falling back to 1 default profile: "default"
Logging initialized using 'class org.apache.ibatis.logging.stdout.StdOutImpl' adapter.
Parsed mapper file: 'file [C:\Users\86153\Desktop\GithubRep\Xdu-Chat\target\classes\mapper\FeedbackMapper.xml]'
Parsed mapper file: 'file [C:\Users\86153\Desktop\GithubRep\Xdu-Chat\target\classes\mapper\GeneralRecordMapper.xml]'
 _ _   |_  _ _|_. ___ _ |    _ 
| | |\/|_)(_| | |_\  |_)||_|_\ 
     /               |         
                        3.5.3.1 
2024-04-24 18:05:53.370  INFO 15932 --- [           main] pertySourcedRequestMappingHandlerMapping : Mapped URL path [/v2/api-docs] onto method [springfox.documentation.swagger2.web.Swagger2ControllerWebMvc#getDocumentation(String, HttpServletRequest)]
2024-04-24 18:05:54.182  INFO 15932 --- [           main] d.s.w.p.DocumentationPluginsBootstrapper : Documentation plugins bootstrapped
2024-04-24 18:05:54.187  INFO 15932 --- [           main] d.s.w.p.DocumentationPluginsBootstrapper : Found 1 custom documentation plugin(s)
2024-04-24 18:05:54.229  INFO 15932 --- [           main] s.d.s.w.s.ApiListingReferenceScanner     : Scanning for api listing references
2024-04-24 18:05:54.575  INFO 15932 --- [           main] com.backstage.xduchat.RunTimeTest        : Started RunTimeTest in 5.377 seconds (JVM running for 6.446)
2024-04-24 18:05:55.298  INFO 15932 --- [           main] com.backstage.xduchat.RunTimeTest        : 服务启动时间: 1713953154579 ms
2024-04-24 18:05:55.299  INFO 15932 --- [           main] com.backstage.xduchat.RunTimeTest        : 当前时间: 1713953155299 ms
2024-04-24 18:05:55.315  INFO 15932 --- [           main] com.backstage.xduchat.RunTimeTest        : 服务已运行: 0秒
]]></system-out>
  </testcase>
</testsuite>