<?xml version="1.0" encoding="UTF-8"?>
<testsuite xmlns:xsi="http://www.w3.org/2001/XMLSchema-instance" xsi:noNamespaceSchemaLocation="https://maven.apache.org/surefire/maven-surefire-plugin/xsd/surefire-test-report-3.0.xsd" version="3.0" name="com.backstage.xduchat.RunTimeTest" time="17.234" tests="1" errors="0" skipped="0" failures="0">
  <properties>
[...]
</properties>
  <testcase name="runTimeTest" classname="com.backstage.xduchat.RunTimeTest" time="1.201">
    <system-out><![CDATA[18:44:36.463 [main] DEBUG org.springframework.test.context.BootstrapUtils - Instantiating CacheAwareContextLoaderDelegate from class [org.springframework.test.context.cache.DefaultCacheAwareContextLoaderDelegate]
18:44:36.587 [main] DEBUG org.springframework.test.context.BootstrapUtils - Instantiating BootstrapContext using constructor [public org.springframework.test.context.support.DefaultBootstrapContext(java.lang.Class,org.springframework.test.context.CacheAwareContextLoaderDelegate)]
18:44:36.921 [main] DEBUG org.springframework.test.context.BootstrapUtils - Instantiating TestContextBootstrapper for test class [com.backstage.xduchat.RunTimeTest] from class [org.springframework.boot.test.context.SpringBootTestContextBootstrapper]
18:44:37.030 [main] INFO org.springframework.boot.test.context.SpringBootTestContextBootstrapper - Neither @ContextConfiguration nor @ContextHierarchy found for test class [com.backstage.xduchat.RunTimeTest], using SpringBootContextLoader
18:44:37.041 [main] DEBUG org.springframework.test.context.support.AbstractContextLoader - Did not detect default resource location for test class [com.backstage.xduchat.RunTimeTest]: class path resource [com/backstage/xduchat/RunTimeTest-context.xml] does not exist
18:44:37.042 [main] DEBUG org.springframework.test.context.support.AbstractContextLoader - Did not detect default resource location for test class [com.backstage.xduchat.RunTimeTest]: class path resource [com/backstage/xduchat/RunTimeTestContext.groovy] does not exist
18:44:37.044 [main] INFO org.springframework.test.context.support.AbstractContextLoader - Could not detect default resource locations for test class [com.backstage.xduchat.RunTimeTest]: no resource found for suffixes {-context.xml, Context.groovy}.
18:44:37.305 [main] DEBUG org.springframework.test.context.support.ActiveProfilesUtils - Could not find an 'annotation declaring class' for annotation type [org.springframework.test.context.ActiveProfiles] and class [com.backstage.xduchat.RunTimeTest]
18:44:37.674 [main] DEBUG org.springframework.boot.test.context.SpringBootTestContextBootstrapper - @TestExecutionListeners is not present for class [com.backstage.xduchat.RunTimeTest]: using defaults.
18:44:37.676 [main] INFO org.springframework.boot.test.context.SpringBootTestContextBootstrapper - Loaded default TestExecutionListener class names from location [META-INF/spring.factories]: [org.springframework.boot.test.mock.mockito.MockitoTestExecutionListener, org.springframework.boot.test.mock.mockito.ResetMocksTestExecutionListener, org.springframework.boot.test.autoconfigure.restdocs.RestDocsTestExecutionListener, org.springframework.boot.test.autoconfigure.web.client.MockRestServiceServerResetTestExecutionListener, org.springframework.boot.test.autoconfigure.web.servlet.MockMvcPrintOnlyOnFailureTestExecutionListener, org.springframework.boot.test.autoconfigure.web.servlet.WebDriverTestExecutionListener, org.springframework.boot.test.autoconfigure.webservices.client.MockWebServiceServerTestExecutionListener, org.springframework.test.context.web.ServletTestExecutionListener, org.springframework.test.context.support.DirtiesContextBeforeModesTestExecutionListener, org.springframework.test.context.event.ApplicationEventsTestExecutionListener, org.springframework.test.context.support.DependencyInjectionTestExecutionListener, org.springframework.test.context.support.DirtiesContextTestExecutionListener, org.springframework.test.context.transaction.TransactionalTestExecutionListener, org.springframework.test.context.jdbc.SqlScriptsTestExecutionListener, org.springframework.test.context.event.EventPublishingTestExecutionListener]
18:44:37.729 [main] INFO org.springframework.boot.test.context.SpringBootTestContextBootstrapper - Using TestExecutionListeners: [org.springframework.test.context.web.ServletTestExecutionListener@5ef5c734, org.springframework.test.context.support.DirtiesContextBeforeModesTestExecutionListener@d771cc9, org.springframework.test.context.event.ApplicationEventsTestExecutionListener@36b4091c, org.springframework.boot.test.mock.mockito.MockitoTestExecutionListener@4671115f, org.springframework.boot.test.autoconfigure.SpringBootDependencyInjectionTestExecutionListener@36cda2c2, org.springframework.test.context.support.DirtiesContextTestExecutionListener@3697186, org.springframework.test.context.transaction.TransactionalTestExecutionListener@1583741e, org.springframework.test.context.jdbc.SqlScriptsTestExecutionListener@5b367418, org.springframework.test.context.event.EventPublishingTestExecutionListener@36060e, org.springframework.boot.test.mock.mockito.ResetMocksTestExecutionListener@481ba2cf, org.springframework.boot.test.autoconfigure.restdocs.RestDocsTestExecutionListener@46b61c56, org.springframework.boot.test.autoconfigure.web.client.MockRestServiceServerResetTestExecutionListener@2e48362c, org.springframework.boot.test.autoconfigure.web.servlet.MockMvcPrintOnlyOnFailureTestExecutionListener@1efe439d, org.springframework.boot.test.autoconfigure.web.servlet.WebDriverTestExecutionListener@be68757, org.springframework.boot.test.autoconfigure.webservices.client.MockWebServiceServerTestExecutionListener@7d446ed1]
18:44:37.740 [main] DEBUG org.springframework.test.context.support.AbstractDirtiesContextTestExecutionListener - Before test class: context [DefaultTestContext@68df9280 testClass = RunTimeTest, testInstance = [null], testMethod = [null], testException = [null], mergedContextConfiguration = [WebMergedContextConfiguration@479460a6 testClass = RunTimeTest, locations = '{}', classes = '{class com.backstage.xduchat.XduChatApplication}', contextInitializerClasses = '[]', activeProfiles = '{}', propertySourceLocations = '{}', propertySourceProperties = '{org.springframework.boot.test.context.SpringBootTestContextBootstrapper=true}', contextCustomizers = set[org.springframework.boot.test.context.filter.ExcludeFilterContextCustomizer@3cebbb30, org.springframework.boot.test.json.DuplicateJsonObjectContextCustomizerFactory$DuplicateJsonObjectContextCustomizer@67f639d3, org.springframework.boot.test.mock.mockito.MockitoContextCustomizer@0, org.springframework.boot.test.web.client.TestRestTemplateContextCustomizer@4efac082, org.springframework.boot.test.web.reactive.server.WebTestClientContextCustomizer@72e5a8e, org.springframework.boot.test.autoconfigure.actuate.metrics.MetricsExportContextCustomizerFactory$DisableMetricExportContextCustomizer@272113c4, org.springframework.boot.test.autoconfigure.properties.PropertyMappingContextCustomizer@0, org.springframework.boot.test.autoconfigure.web.servlet.WebDriverContextCustomizerFactory$Customizer@229c6181, org.springframework.boot.test.context.SpringBootTestArgs@1, org.springframework.boot.test.context.SpringBootTestWebEnvironment@1d371b2d], resourceBasePath = 'src/main/webapp', contextLoader = 'org.springframework.boot.test.context.SpringBootContextLoader', parent = [null]], attributes = map['org.springframework.test.context.web.ServletTestExecutionListener.activateListener' -> true]], class annotated with @DirtiesContext [false] with mode [null].
 ██     ██ ███████   ██     ██         ██████  ██      ██     ██     ██████████
░░██   ██ ░██░░░░██ ░██    ░██        ██░░░░██░██     ░██    ████   ░░░░░██░░░ 
 ░░██ ██  ░██    ░██░██    ░██       ██    ░░ ░██     ░██   ██░░██      ░██    
  ░░███   ░██    ░██░██    ░██ █████░██       ░██████████  ██  ░░██     ░██    
   ██░██  ░██    ░██░██    ░██░░░░░ ░██       ░██░░░░░░██ ██████████    ░██    
  ██ ░░██ ░██    ██ ░██    ░██      ░░██    ██░██     ░██░██░░░░░░██    ░██    
 ██   ░░██░███████  ░░███████        ░░██████ ░██     ░██░██     ░██    ░██    
░░     ░░ ░░░░░░░    ░░░░░░░          ░░░░░░  ░░      ░░ ░░      ░░     ░░     


2024-05-19 18:44:38.989  INFO 12072 --- [           main] com.backstage.xduchat.RunTimeTest        : Starting RunTimeTest using Java 17.0.9 on ColdFood with PID 12072 (started by zyy in /home/zyy/文档/WorkSPace/GitRepForManjaro/Xdu-Chat)
2024-05-19 18:44:38.997  INFO 12072 --- [           main] com.backstage.xduchat.RunTimeTest        : No active profile set, falling back to 1 default profile: "default"
Logging initialized using 'class org.apache.ibatis.logging.stdout.StdOutImpl' adapter.
Parsed mapper file: 'file [/home/zyy/文档/WorkSPace/GitRepForManjaro/Xdu-Chat/target/classes/mapper/DialoguesMapper.xml]'
Parsed mapper file: 'file [/home/zyy/文档/WorkSPace/GitRepForManjaro/Xdu-Chat/target/classes/mapper/FeedbackMapper.xml]'
Parsed mapper file: 'file [/home/zyy/文档/WorkSPace/GitRepForManjaro/Xdu-Chat/target/classes/mapper/GeneralRecordMapper.xml]'
 _ _   |_  _ _|_. ___ _ |    _ 
| | |\/|_)(_| | |_\  |_)||_|_\ 
     /               |         
                        3.5.3.1 
2024-05-19 18:44:50.726  INFO 12072 --- [           main] pertySourcedRequestMappingHandlerMapping : Mapped URL path [/v2/api-docs] onto method [springfox.documentation.swagger2.web.Swagger2ControllerWebMvc#getDocumentation(String, HttpServletRequest)]
2024-05-19 18:44:51.616  INFO 12072 --- [           main] d.s.w.p.DocumentationPluginsBootstrapper : Documentation plugins bootstrapped
2024-05-19 18:44:51.621  INFO 12072 --- [           main] d.s.w.p.DocumentationPluginsBootstrapper : Found 1 custom documentation plugin(s)
2024-05-19 18:44:51.689  INFO 12072 --- [           main] s.d.s.w.s.ApiListingReferenceScanner     : Scanning for api listing references
2024-05-19 18:44:51.990  INFO 12072 --- [           main] com.backstage.xduchat.RunTimeTest        : Started RunTimeTest in 14.136 seconds (JVM running for 19.042)
2024-05-19 18:44:53.141  INFO 12072 --- [           main] com.backstage.xduchat.RunTimeTest        : 服务启动时间: 1716115491994 ms
2024-05-19 18:44:53.154  INFO 12072 --- [           main] com.backstage.xduchat.RunTimeTest        : 当前时间: 1716115493154 ms
2024-05-19 18:44:53.194  INFO 12072 --- [           main] com.backstage.xduchat.RunTimeTest        : 服务已运行: 1秒
]]></system-out>
  </testcase>
</testsuite>